{"C:\\Users\\KIIT\\Desktop\\study material\\keploytask2\\Keploytsk2\\TaskManager\\db.js": {"path":"C:\\Users\\KIIT\\Desktop\\study material\\keploytask2\\Keploytsk2\\TaskManager\\db.js","statementMap":{"0":{"start":{"line":1,"column":17},"end":{"line":1,"column":30}},"1":{"start":{"line":4,"column":13},"end":{"line":10,"column":2}},"2":{"start":{"line":12,"column":0},"end":{"line":12,"column":22}}},"fnMap":{},"branchMap":{},"s":{"0":2,"1":2,"2":2},"f":{},"b":{},"_coverageSchema":"1a1c01bbd47fc00a2c39e90264f33305004495a9","hash":"b75e7c5fd5b4941db74f14f94feaf19168ef0a95"}
,"C:\\Users\\KIIT\\Desktop\\study material\\keploytask2\\Keploytsk2\\TaskManager\\index.js": {"path":"C:\\Users\\KIIT\\Desktop\\study material\\keploytask2\\Keploytsk2\\TaskManager\\index.js","statementMap":{"0":{"start":{"line":1,"column":16},"end":{"line":1,"column":34}},"1":{"start":{"line":2,"column":17},"end":{"line":2,"column":30}},"2":{"start":{"line":3,"column":19},"end":{"line":3,"column":41}},"3":{"start":{"line":4,"column":12},"end":{"line":4,"column":21}},"4":{"start":{"line":5,"column":13},"end":{"line":5,"column":17}},"5":{"start":{"line":6,"column":13},"end":{"line":6,"column":28}},"6":{"start":{"line":10,"column":0},"end":{"line":10,"column":27}},"7":{"start":{"line":11,"column":0},"end":{"line":11,"column":51}},"8":{"start":{"line":12,"column":0},"end":{"line":12,"column":34}},"9":{"start":{"line":13,"column":0},"end":{"line":13,"column":30}},"10":{"start":{"line":16,"column":0},"end":{"line":19,"column":3}},"11":{"start":{"line":17,"column":17},"end":{"line":17,"column":72}},"12":{"start":{"line":18,"column":2},"end":{"line":18,"column":24}},"13":{"start":{"line":22,"column":0},"end":{"line":26,"column":3}},"14":{"start":{"line":23,"column":33},"end":{"line":23,"column":41}},"15":{"start":{"line":24,"column":2},"end":{"line":24,"column":99}},"16":{"start":{"line":25,"column":2},"end":{"line":25,"column":38}},"17":{"start":{"line":29,"column":0},"end":{"line":37,"column":3}},"18":{"start":{"line":30,"column":17},"end":{"line":30,"column":27}},"19":{"start":{"line":31,"column":41},"end":{"line":31,"column":49}},"20":{"start":{"line":32,"column":2},"end":{"line":35,"column":4}},"21":{"start":{"line":36,"column":2},"end":{"line":36,"column":40}},"22":{"start":{"line":40,"column":0},"end":{"line":44,"column":3}},"23":{"start":{"line":41,"column":17},"end":{"line":41,"column":27}},"24":{"start":{"line":42,"column":2},"end":{"line":42,"column":58}},"25":{"start":{"line":43,"column":2},"end":{"line":43,"column":40}},"26":{"start":{"line":47,"column":0},"end":{"line":50,"column":3}},"27":{"start":{"line":48,"column":17},"end":{"line":48,"column":72}},"28":{"start":{"line":49,"column":2},"end":{"line":49,"column":46}},"29":{"start":{"line":53,"column":0},"end":{"line":53,"column":50}},"30":{"start":{"line":53,"column":30},"end":{"line":53,"column":48}},"31":{"start":{"line":56,"column":0},"end":{"line":69,"column":3}},"32":{"start":{"line":57,"column":2},"end":{"line":68,"column":3}},"33":{"start":{"line":58,"column":19},"end":{"line":58,"column":87}},"34":{"start":{"line":60,"column":4},"end":{"line":62,"column":5}},"35":{"start":{"line":61,"column":6},"end":{"line":61,"column":52}},"36":{"start":{"line":64,"column":4},"end":{"line":64,"column":51}},"37":{"start":{"line":66,"column":4},"end":{"line":66,"column":49}},"38":{"start":{"line":67,"column":4},"end":{"line":67,"column":50}},"39":{"start":{"line":72,"column":0},"end":{"line":74,"column":1}},"40":{"start":{"line":73,"column":2},"end":{"line":73,"column":84}},"41":{"start":{"line":73,"column":25},"end":{"line":73,"column":82}},"42":{"start":{"line":76,"column":0},"end":{"line":76,"column":21}}},"fnMap":{"0":{"name":"(anonymous_0)","decl":{"start":{"line":16,"column":22},"end":{"line":16,"column":23}},"loc":{"start":{"line":16,"column":42},"end":{"line":19,"column":1}},"line":16},"1":{"name":"(anonymous_1)","decl":{"start":{"line":22,"column":23},"end":{"line":22,"column":24}},"loc":{"start":{"line":22,"column":43},"end":{"line":26,"column":1}},"line":22},"2":{"name":"(anonymous_2)","decl":{"start":{"line":29,"column":26},"end":{"line":29,"column":27}},"loc":{"start":{"line":29,"column":46},"end":{"line":37,"column":1}},"line":29},"3":{"name":"(anonymous_3)","decl":{"start":{"line":40,"column":29},"end":{"line":40,"column":30}},"loc":{"start":{"line":40,"column":49},"end":{"line":44,"column":1}},"line":40},"4":{"name":"(anonymous_4)","decl":{"start":{"line":47,"column":13},"end":{"line":47,"column":14}},"loc":{"start":{"line":47,"column":33},"end":{"line":50,"column":1}},"line":47},"5":{"name":"(anonymous_5)","decl":{"start":{"line":53,"column":16},"end":{"line":53,"column":17}},"loc":{"start":{"line":53,"column":30},"end":{"line":53,"column":48}},"line":53},"6":{"name":"(anonymous_6)","decl":{"start":{"line":56,"column":23},"end":{"line":56,"column":24}},"loc":{"start":{"line":56,"column":43},"end":{"line":69,"column":1}},"line":56},"7":{"name":"(anonymous_7)","decl":{"start":{"line":73,"column":19},"end":{"line":73,"column":20}},"loc":{"start":{"line":73,"column":25},"end":{"line":73,"column":82}},"line":73}},"branchMap":{"0":{"loc":{"start":{"line":60,"column":4},"end":{"line":62,"column":5}},"type":"if","locations":[{"start":{"line":60,"column":4},"end":{"line":62,"column":5}},{"start":{},"end":{}}],"line":60},"1":{"loc":{"start":{"line":72,"column":0},"end":{"line":74,"column":1}},"type":"if","locations":[{"start":{"line":72,"column":0},"end":{"line":74,"column":1}},{"start":{},"end":{}}],"line":72}},"s":{"0":1,"1":1,"2":1,"3":1,"4":1,"5":1,"6":1,"7":1,"8":1,"9":1,"10":1,"11":1,"12":1,"13":1,"14":1,"15":1,"16":1,"17":1,"18":1,"19":1,"20":1,"21":1,"22":1,"23":1,"24":1,"25":1,"26":1,"27":0,"28":0,"29":1,"30":0,"31":1,"32":0,"33":0,"34":0,"35":0,"36":0,"37":0,"38":0,"39":1,"40":0,"41":0,"42":1},"f":{"0":1,"1":1,"2":1,"3":1,"4":0,"5":0,"6":0,"7":0},"b":{"0":[0,0],"1":[0,1]},"_coverageSchema":"1a1c01bbd47fc00a2c39e90264f33305004495a9","hash":"ca6cf51eb64405c3ab7eb43564e8d145a51d1da7"}
}
